<?xml version="1.0" encoding="UTF-8"?>
<testsuite name="com.orangeandbronze.enlistment.StudentTest" tests="17" skipped="0" failures="0" errors="0" timestamp="2023-02-17T10:35:45" hostname="DESKTOP-4UCV2OP" time="0.107">
  <properties/>
  <testcase name="enlist_with_overload()" classname="com.orangeandbronze.enlistment.StudentTest" time="0.028"/>
  <testcase name="enlist_subject_in_degree_program()" classname="com.orangeandbronze.enlistment.StudentTest" time="0.006"/>
  <testcase name="can_enlist_in_subject_with_no_prerequisites()" classname="com.orangeandbronze.enlistment.StudentTest" time="0.002"/>
  <testcase name="cancelling_a_section_not_enrolled()" classname="com.orangeandbronze.enlistment.StudentTest" time="0.002"/>
  <testcase name="enlist_2_sections_same_schedule()" classname="com.orangeandbronze.enlistment.StudentTest" time="0.013"/>
  <testcase name="can_enlist_in_subject_with_taken_prerequisites()" classname="com.orangeandbronze.enlistment.StudentTest" time="0.002"/>
  <testcase name="enlist_in_subject_with_not_taken_prerequisites()" classname="com.orangeandbronze.enlistment.StudentTest" time="0.002"/>
  <testcase name="enlist_2_sections_no_conflict()" classname="com.orangeandbronze.enlistment.StudentTest" time="0.003"/>
  <testcase name="cancelling_an_enrolled_section()" classname="com.orangeandbronze.enlistment.StudentTest" time="0.003"/>
  <testcase name="enlist_section_not_at_room_capacity()" classname="com.orangeandbronze.enlistment.StudentTest" time="0.002"/>
  <testcase name="can_enlist_in_two_section_not_same_subject()" classname="com.orangeandbronze.enlistment.StudentTest" time="0.001"/>
  <testcase name="can_enlist_in_two_section_same_subject()" classname="com.orangeandbronze.enlistment.StudentTest" time="0.003"/>
  <testcase name="section_same_room_sched_not_overlap()" classname="com.orangeandbronze.enlistment.StudentTest" time="0.003"/>
  <testcase name="enlist_subject_not_in_degree_program()" classname="com.orangeandbronze.enlistment.StudentTest" time="0.005"/>
  <testcase name="enlist_section_at_room_capacity()" classname="com.orangeandbronze.enlistment.StudentTest" time="0.002"/>
  <testcase name="section_same_room_sched_overlap()" classname="com.orangeandbronze.enlistment.StudentTest" time="0.002"/>
  <testcase name="request_assessment()" classname="com.orangeandbronze.enlistment.StudentTest" time="0.007"/>
  <system-out><![CDATA[]]></system-out>
  <system-err><![CDATA[]]></system-err>
</testsuite>
