<?xml version="1.0" encoding="UTF-8"?>
<testsuite name="com.orangeandbronze.enlistment.StudentTest" tests="1" skipped="0" failures="0" errors="0" timestamp="2023-01-31T14:19:12" hostname="LAPTOP-UQ7N2M11" time="0.048">
  <properties/>
  <testcase name="enlist_2_sections_no_conflict()" classname="com.orangeandbronze.enlistment.StudentTest" time="0.048"/>
  <system-out><![CDATA[]]></system-out>
  <system-err><![CDATA[]]></system-err>
</testsuite>
